
################################################################################

 PACKMOL - Packing optimization for the automated generation of
 starting configurations for molecular dynamics simulations.
 
                                                              Version 20.11.0 

################################################################################

  Packmol must be run with: packmol < inputfile.inp 

  Userguide at: http://m3g.iqm.unicamp.br/packmol 

  Reading input file... (Control-C aborts)
  Seed for random number generator:      1234567
  Output file: simbox.xyz
  Reading coordinate file: water_pack.xyz
  Reading coordinate file: K_pack.xyz
  Reading coordinate file: Cl_pack.xyz
  Number of independent structures:            3
  The structures are: 
  Structure            1 :water params.ff(           3  atoms)
  Structure            2 :K params.ff(           1  atoms)
  Structure            3 :Cl params.ff(           1  atoms)
  Maximum number of GENCAN loops for all molecule packing:          600
  Total number of restrictions:            3
  Distance tolerance:    2.5000000000000000     
  Number of molecules of type            1 :          500
  Number of molecules of type            2 :           36
  Number of molecules of type            3 :           36
  Total number of atoms:         1572
  Total number of molecules:          572
  Number of fixed molecules:            0
  Number of free molecules:          572
  Number of variables:         3432
  Total number of fixed atoms:            0
  Maximum internal distance of type            1 :    1.5139000000000000     
  Maximum internal distance of type            2 :    0.0000000000000000     
  Maximum internal distance of type            3 :    0.0000000000000000     
  All atoms must be within these coordinates: 
   x: [   -996.79999999999995      ,    1003.2000000000000       ] 
   y: [   -996.79999999999995      ,    1003.2000000000000       ] 
   z: [   -996.79999999999995      ,    1003.2000000000000       ] 
  If the system is larger than this, increase the sidemax parameter. 

################################################################################

  Building initial approximation ... 

################################################################################

  Adjusting initial point to fit the constraints 

--------------------------------------------------------------------------------

--------------------------------------------------------------------------------

  Molecules of type:            1

  Packing:|0                                                             100%|
          |*********************

  Restraint-only function value:    5.1332687225611748E-003
  Maximum violation of the restraints:    1.1251669299950733E-003

--------------------------------------------------------------------------------

  Molecules of type:            2

  Packing:|0                                                             100%|
          |*******

  Restraint-only function value:    6.9477740393599618E-013
  Maximum violation of the restraints:    9.3597717035869797E-014

--------------------------------------------------------------------------------

  Molecules of type:            3

  Packing:|0                                                             100%|
          |*******

  Restraint-only function value:    7.8089192560704063E-013
  Maximum violation of the restraints:    1.5132809997044706E-013

--------------------------------------------------------------------------------

  Rescaling maximum and minimum coordinates... 
  Computing size of patches... 
  Add fixed molecules to permanent arrays... 
  Reseting center of mass... 

--------------------------------------------------------------------------------

  Setting initial trial coordinates ... 

--------------------------------------------------------------------------------

--------------------------------------------------------------------------------

  Molecules of type:            1
  Adjusting random positions to fit the constraints. 
  Packing:|0                                                             100%|
          |
  Restraint-only function value:    2.2678599700581923E-003
  Maximum violation of the restraints:    1.3737594183574234E-003

--------------------------------------------------------------------------------

  Molecules of type:            2
  Adjusting random positions to fit the constraints. 
  Restraint-only function value:    0.0000000000000000     
  Maximum violation of the restraints:    0.0000000000000000     

--------------------------------------------------------------------------------

  Molecules of type:            3
  Adjusting random positions to fit the constraints. 
  Restraint-only function value:    0.0000000000000000     
  Maximum violation of the restraints:    0.0000000000000000     

################################################################################

  Objective function at initial point:    60171.652507484127     

################################################################################

  Packing molecules of type:            1

################################################################################


--------------------------------------------------------------------------------

  Starting GENCAN loop:            0
  Scaling radii by:    1.1000000000000001     

  Packing:|0                                                             100%|
          |******************************************************************|
          |******************************************************************|

  Function value from last GENCAN loop: f = .25269E+03
  Best function value before: f = .55681E+05
  Improvement from best function value:    99.55 %
  Improvement from last loop:    99.55 %
  Maximum violation of target distance:     0.355877
  Maximum violation of the constraints: .52455E+01
  All-type function value: .44074E+04

--------------------------------------------------------------------------------


--------------------------------------------------------------------------------

  Starting GENCAN loop:            1
  Scaling radii by:    1.1000000000000001     

  Packing:|0                                                             100%|
          |******************************************************************|
          |******************************************************************|

  Function value from last GENCAN loop: f = .73614E+02
  Best function value before: f = .25269E+03
  Improvement from best function value:    70.87 %
  Improvement from last loop:    70.87 %
  Maximum violation of target distance:     0.000000
  Maximum violation of the constraints: .17805E+01
  All-type function value: .43574E+04

--------------------------------------------------------------------------------


--------------------------------------------------------------------------------

  Starting GENCAN loop:            2
  Scaling radii by:    1.1000000000000001     

  Packing:|0                                                             100%|
          |******************************************************************|
          |******************************************************************|

  Function value from last GENCAN loop: f = .42230E+02
  Best function value before: f = .73614E+02
  Improvement from best function value:    42.63 %
  Improvement from last loop:    42.63 %
  Maximum violation of target distance:     0.000000
  Maximum violation of the constraints: .72389E+00
  All-type function value: .43963E+04

--------------------------------------------------------------------------------


--------------------------------------------------------------------------------

  Starting GENCAN loop:            3
  Scaling radii by:    1.1000000000000001     

  Packing:|0                                                             100%|
          |******************************************************************|
          |******************************************************************|

  Function value from last GENCAN loop: f = .24637E+02
  Best function value before: f = .42230E+02
  Improvement from best function value:    41.66 %
  Improvement from last loop:    41.66 %
  Maximum violation of target distance:     0.000000
  Maximum violation of the constraints: .46676E+00
  All-type function value: .44255E+04

--------------------------------------------------------------------------------


--------------------------------------------------------------------------------

  Starting GENCAN loop:            4
  Scaling radii by:    1.1000000000000001     

  Packing:|0                                                             100%|
          |******************************************************************|
          |******************************************************************|

  Function value from last GENCAN loop: f = .17087E+02
  Best function value before: f = .24637E+02
  Improvement from best function value:    30.64 %
  Improvement from last loop:    30.64 %
  Maximum violation of target distance:     0.000000
  Maximum violation of the constraints: .45290E+00
  All-type function value: .44403E+04

--------------------------------------------------------------------------------


--------------------------------------------------------------------------------

  Starting GENCAN loop:            5
  Scaling radii by:    1.1000000000000001     

  Packing:|0                                                             100%|
          |******************************************************************|
          |******************************************************************|

  Function value from last GENCAN loop: f = .11713E+02
  Best function value before: f = .17087E+02
  Improvement from best function value:    31.45 %
  Improvement from last loop:    31.45 %
  Maximum violation of target distance:     0.000000
  Maximum violation of the constraints: .27395E+00
  All-type function value: .44831E+04

--------------------------------------------------------------------------------


--------------------------------------------------------------------------------

  Starting GENCAN loop:            6
  Scaling radii by:    1.1000000000000001     

  Packing:|0                                                             100%|
          |******************************************************************|
          |******************************************************************|

  Function value from last GENCAN loop: f = .84727E+01
  Best function value before: f = .11713E+02
  Improvement from best function value:    27.66 %
  Improvement from last loop:    27.66 %
  Maximum violation of target distance:     0.000000
  Maximum violation of the constraints: .22262E+00
  All-type function value: .44710E+04

--------------------------------------------------------------------------------


--------------------------------------------------------------------------------

  Starting GENCAN loop:            7
  Scaling radii by:    1.1000000000000001     

  Packing:|0                                                             100%|
          |******************************************************************|
          |******************************************************************|

  Function value from last GENCAN loop: f = .60880E+01
  Best function value before: f = .84727E+01
  Improvement from best function value:    28.15 %
  Improvement from last loop:    28.15 %
  Maximum violation of target distance:     0.000000
  Maximum violation of the constraints: .17432E+00
  All-type function value: .44673E+04

--------------------------------------------------------------------------------


--------------------------------------------------------------------------------

  Starting GENCAN loop:            8
  Scaling radii by:    1.1000000000000001     

  Packing:|0                                                             100%|
          |******************************************************************|
          |******************************************************************|

  Function value from last GENCAN loop: f = .44007E+01
  Best function value before: f = .60880E+01
  Improvement from best function value:    27.71 %
  Improvement from last loop:    27.71 %
  Maximum violation of target distance:     0.000000
  Maximum violation of the constraints: .15238E+00
  All-type function value: .44511E+04

--------------------------------------------------------------------------------


--------------------------------------------------------------------------------

  Starting GENCAN loop:            9
  Scaling radii by:    1.1000000000000001     

  Packing:|0                                                             100%|
          |******************************************************************|
          |******************************************************************|

  Function value from last GENCAN loop: f = .34937E+01
  Best function value before: f = .44007E+01
  Improvement from best function value:    20.61 %
  Improvement from last loop:    20.61 %
  Maximum violation of target distance:     0.000000
  Maximum violation of the constraints: .13010E+00
  All-type function value: .44443E+04

--------------------------------------------------------------------------------

  Current solution written to file: simbox.xyz

--------------------------------------------------------------------------------

  Starting GENCAN loop:           10
  Scaling radii by:    1.1000000000000001     

  Packing:|0                                                             100%|
          |******************************************************************|
          |******************************************************************|

  Function value from last GENCAN loop: f = .28614E+01
  Best function value before: f = .34937E+01
  Improvement from best function value:    18.10 %
  Improvement from last loop:    18.10 %
  Maximum violation of target distance:     0.000000
  Maximum violation of the constraints: .12948E+00
  All-type function value: .44460E+04

--------------------------------------------------------------------------------


--------------------------------------------------------------------------------

  Starting GENCAN loop:           11
  Scaling radii by:    1.1000000000000001     

  Packing:|0                                                             100%|
          |******************************************************************|
          |******************************************************************|

  Function value from last GENCAN loop: f = .23381E+01
  Best function value before: f = .28614E+01
  Improvement from best function value:    18.29 %
  Improvement from last loop:    18.29 %
  Maximum violation of target distance:     0.000000
  Maximum violation of the constraints: .11282E+00
  All-type function value: .44433E+04

--------------------------------------------------------------------------------


--------------------------------------------------------------------------------

  Starting GENCAN loop:           12
  Scaling radii by:    1.1000000000000001     

  Packing:|0                                                             100%|
          |******************************************************************|
          |******************************************************************|

  Function value from last GENCAN loop: f = .19612E+01
  Best function value before: f = .23381E+01
  Improvement from best function value:    16.12 %
  Improvement from last loop:    16.12 %
  Maximum violation of target distance:     0.000000
  Maximum violation of the constraints: .87543E-01
  All-type function value: .44411E+04

--------------------------------------------------------------------------------


--------------------------------------------------------------------------------

  Starting GENCAN loop:           13
  Scaling radii by:    1.1000000000000001     

  Packing:|0                                                             100%|
          |******************************************************************|
          |******************************************************************|

  Function value from last GENCAN loop: f = .16089E+01
  Best function value before: f = .19612E+01
  Improvement from best function value:    17.96 %
  Improvement from last loop:    17.96 %
  Maximum violation of target distance:     0.000000
  Maximum violation of the constraints: .68131E-01
  All-type function value: .44310E+04

--------------------------------------------------------------------------------


--------------------------------------------------------------------------------

  Starting GENCAN loop:           14
  Scaling radii by:    1.1000000000000001     

  Packing:|0                                                             100%|
          |******************************************************************|
          |******************************************************************|

  Function value from last GENCAN loop: f = .13601E+01
  Best function value before: f = .16089E+01
  Improvement from best function value:    15.47 %
  Improvement from last loop:    15.47 %
  Maximum violation of target distance:     0.000000
  Maximum violation of the constraints: .44638E-01
  All-type function value: .44262E+04

--------------------------------------------------------------------------------


--------------------------------------------------------------------------------

  Starting GENCAN loop:           15
  Scaling radii by:    1.1000000000000001     

  Packing:|0                                                             100%|
          |******************************************************************|
          |******************************************************************|

  Function value from last GENCAN loop: f = .11741E+01
  Best function value before: f = .13601E+01
  Improvement from best function value:    13.67 %
  Improvement from last loop:    13.67 %
  Maximum violation of target distance:     0.000000
  Maximum violation of the constraints: .34854E-01
  All-type function value: .44223E+04

--------------------------------------------------------------------------------


--------------------------------------------------------------------------------

  Starting GENCAN loop:           16
  Scaling radii by:    1.1000000000000001     

  Packing:|0                                                             100%|
          |******************************************************************|
          |******************************************************************|

  Function value from last GENCAN loop: f = .10210E+01
  Best function value before: f = .11741E+01
  Improvement from best function value:    13.04 %
  Improvement from last loop:    13.04 %
  Maximum violation of target distance:     0.000000
  Maximum violation of the constraints: .32951E-01
  All-type function value: .44139E+04

--------------------------------------------------------------------------------


--------------------------------------------------------------------------------

  Starting GENCAN loop:           17
  Scaling radii by:    1.1000000000000001     

  Packing:|0                                                             100%|
          |******************************************************************|
          |******************************************************************|

  Function value from last GENCAN loop: f = .90388E+00
  Best function value before: f = .10210E+01
  Improvement from best function value:    11.47 %
  Improvement from last loop:    11.47 %
  Maximum violation of target distance:     0.000000
  Maximum violation of the constraints: .28341E-01
  All-type function value: .44090E+04

--------------------------------------------------------------------------------


--------------------------------------------------------------------------------

  Starting GENCAN loop:           18
  Scaling radii by:    1.1000000000000001     

  Packing:|0                                                             100%|
          |******************************************************************|
          |******************************************************************|

  Function value from last GENCAN loop: f = .80506E+00
  Best function value before: f = .90388E+00
  Improvement from best function value:    10.93 %
  Improvement from last loop:    10.93 %
  Maximum violation of target distance:     0.000000
  Maximum violation of the constraints: .24007E-01
  All-type function value: .43983E+04

--------------------------------------------------------------------------------


--------------------------------------------------------------------------------

  Starting GENCAN loop:           19
  Scaling radii by:    1.1000000000000001     

  Packing:|0                                                             100%|
          |******************************************************************|
          |******************************************************************|

  Function value from last GENCAN loop: f = .72920E+00
  Best function value before: f = .80506E+00
  Improvement from best function value:     9.42 %
  Improvement from last loop:     9.42 %
  Maximum violation of target distance:     0.000000
  Maximum violation of the constraints: .21971E-01
  All-type function value: .43871E+04

--------------------------------------------------------------------------------

  Current solution written to file: simbox.xyz
  Moving worst molecules ... 
  Function value before moving molecules:  0.72920321313867775     
  Type         1 molecules with non-zero contributions:    1.80%
  Moving         0 molecules of type         1
  New positions will be based on good molecules (movebadrandom is not set) 
   Moving:|0                                                             100%|
          ||
  Function value after moving molecules:  0.72920321313867775     

--------------------------------------------------------------------------------

  Starting GENCAN loop:           20
  Scaling radii by:    1.0000000000000000     

  Packing:|0                                                             100%|
          |

  Function value from last GENCAN loop: f = .50726E-02
  Best function value before: f = .72920E+00
  Improvement from best function value:    99.30 %
  Improvement from last loop:    99.30 %
  Maximum violation of target distance:     0.000000
  Maximum violation of the constraints: .16693E-02
  Current structure written to file: simbox.xyz
--------------------------------------------------------------------------------
  Packing solved for molecules of type           1
  Objective function value:    5.0726169954571415E-003
  Maximum violation of target distance:    0.0000000000000000     
  Max. constraint violation:    1.6693304134386933E-003
--------------------------------------------------------------------------------

################################################################################

  Packing molecules of type:            2

################################################################################


--------------------------------------------------------------------------------

  Starting GENCAN loop:            0
  Scaling radii by:    1.1000000000000001     

  Packing:|0                                                             100%|
          |

  Function value from last GENCAN loop: f = .00000E+00
  Best function value before: f = .45840E-01
  Improvement from best function value:    99.99 %
  Improvement from last loop:    99.99 %
  Maximum violation of target distance:     0.000000
  Maximum violation of the constraints: .00000E+00
  Current structure written to file: simbox.xyz
--------------------------------------------------------------------------------
  Packing solved for molecules of type           2
  Objective function value:    0.0000000000000000     
  Maximum violation of target distance:    0.0000000000000000     
  Max. constraint violation:    0.0000000000000000     
--------------------------------------------------------------------------------

################################################################################

  Packing molecules of type:            3

################################################################################


--------------------------------------------------------------------------------

  Starting GENCAN loop:            0
  Scaling radii by:    1.1000000000000001     

  Packing:|0                                                             100%|
          |*******

  Function value from last GENCAN loop: f = .00000E+00
  Best function value before: f = .61849E+02
  Improvement from best function value:    99.99 %
  Improvement from last loop:    99.99 %
  Maximum violation of target distance:     0.000000
  Maximum violation of the constraints: .00000E+00
  Current structure written to file: simbox.xyz
--------------------------------------------------------------------------------
  Packing solved for molecules of type           3
  Objective function value:    0.0000000000000000     
  Maximum violation of target distance:    0.0000000000000000     
  Max. constraint violation:    0.0000000000000000     
--------------------------------------------------------------------------------

################################################################################

  Packing all molecules together 

################################################################################


--------------------------------------------------------------------------------

  Starting GENCAN loop:            0
  Scaling radii by:    1.1000000000000001     

  Packing:|0                                                             100%|
          |******************************************************************|
          |******************************************************************|

  Function value from last GENCAN loop: f = .10396E+03
  Best function value before: f = .43007E+04
  Improvement from best function value:    97.58 %
  Improvement from last loop:    97.58 %
  Maximum violation of target distance:     0.000000
  Maximum violation of the constraints: .19245E+01

--------------------------------------------------------------------------------


--------------------------------------------------------------------------------

  Starting GENCAN loop:            1
  Scaling radii by:    1.1000000000000001     

  Packing:|0                                                             100%|
          |******************************************************************|
          |******************************************************************|

  Function value from last GENCAN loop: f = .71490E+02
  Best function value before: f = .10396E+03
  Improvement from best function value:    31.24 %
  Improvement from last loop:    31.24 %
  Maximum violation of target distance:     0.000000
  Maximum violation of the constraints: .12671E+01

--------------------------------------------------------------------------------


--------------------------------------------------------------------------------

  Starting GENCAN loop:            2
  Scaling radii by:    1.1000000000000001     

  Packing:|0                                                             100%|
          |******************************************************************|
          |******************************************************************|

  Function value from last GENCAN loop: f = .56932E+02
  Best function value before: f = .71490E+02
  Improvement from best function value:    20.36 %
  Improvement from last loop:    20.36 %
  Maximum violation of target distance:     0.000000
  Maximum violation of the constraints: .10640E+01

--------------------------------------------------------------------------------


--------------------------------------------------------------------------------

  Starting GENCAN loop:            3
  Scaling radii by:    1.1000000000000001     

  Packing:|0                                                             100%|
          |******************************************************************|
          |******************************************************************|

  Function value from last GENCAN loop: f = .47493E+02
  Best function value before: f = .56932E+02
  Improvement from best function value:    16.58 %
  Improvement from last loop:    16.58 %
  Maximum violation of target distance:     0.000000
  Maximum violation of the constraints: .10096E+01

--------------------------------------------------------------------------------


--------------------------------------------------------------------------------

  Starting GENCAN loop:            4
  Scaling radii by:    1.1000000000000001     

  Packing:|0                                                             100%|
          |******************************************************************|
          |******************************************************************|

  Function value from last GENCAN loop: f = .41914E+02
  Best function value before: f = .47493E+02
  Improvement from best function value:    11.75 %
  Improvement from last loop:    11.75 %
  Maximum violation of target distance:     0.000000
  Maximum violation of the constraints: .87786E+00

--------------------------------------------------------------------------------


--------------------------------------------------------------------------------

  Starting GENCAN loop:            5
  Scaling radii by:    1.1000000000000001     

  Packing:|0                                                             100%|
          |******************************************************************|
          |******************************************************************|

  Function value from last GENCAN loop: f = .38130E+02
  Best function value before: f = .41914E+02
  Improvement from best function value:     9.03 %
  Improvement from last loop:     9.03 %
  Maximum violation of target distance:     0.000000
  Maximum violation of the constraints: .83925E+00

--------------------------------------------------------------------------------

  Moving worst molecules ... 
  Function value before moving molecules:   38.130397127247718     
  Type         1 molecules with non-zero contributions:   46.80%
  Moving         0 molecules of type         1
  New positions will be based on good molecules (movebadrandom is not set) 
   Moving:|0                                                             100%|
          ||
  Type         2 molecules with non-zero contributions:   19.44%
  Moving         0 molecules of type         2
  New positions will be based on good molecules (movebadrandom is not set) 
   Moving:|0                                                             100%|
          ||
  Type         3 molecules with non-zero contributions:   16.67%
  Moving         0 molecules of type         3
  New positions will be based on good molecules (movebadrandom is not set) 
   Moving:|0                                                             100%|
          ||
  Function value after moving molecules:   38.130397127247718     

--------------------------------------------------------------------------------

  Starting GENCAN loop:            6
  Scaling radii by:    1.0000000000000000     

  Packing:|0                                                             100%|
          |******************************************************************|
          |******************************************************************|

  Function value from last GENCAN loop: f = .68783E-02
  Best function value before: f = .38130E+02
  Improvement from best function value:    99.98 %
  Improvement from last loop:    99.98 %
  Maximum violation of target distance:     0.042673
  Maximum violation of the constraints: .29467E-04

--------------------------------------------------------------------------------


--------------------------------------------------------------------------------

  Starting GENCAN loop:            7
  Scaling radii by:    1.0000000000000000     

  Packing:|0                                                             100%|
          |*******

  Function value from last GENCAN loop: f = .40584E-03
  Best function value before: f = .68783E-02
  Improvement from best function value:    94.10 %
  Improvement from last loop:    94.10 %
  Maximum violation of target distance:     0.007949
  Maximum violation of the constraints: .17686E-04

################################################################################

                                 Success! 
              Final objective function value: .40584E-03
              Maximum violation of target distance:   0.007949
              Maximum violation of the constraints: .17686E-04

--------------------------------------------------------------------------------

              Please cite this work if Packmol was useful: 

           L. Martinez, R. Andrade, E. G. Birgin, J. M. Martinez, 
         PACKMOL: A package for building initial configurations for
                   molecular dynamics simulations. 
          Journal of Computational Chemistry, 30:2157-2164,2009.

################################################################################

  Solution written to file: simbox.xyz

--------------------------------------------------------------------------------

   Running time:    10.2442417      seconds. 

--------------------------------------------------------------------------------


